0 info it worked if it ends with ok
1 verbose cli [ 'E:\\Programs\\Node\\node.exe',
1 verbose cli   'E:\\Programs\\Node\\node_modules\\npm\\bin\\npm-cli.js',
1 verbose cli   'run',
1 verbose cli   'pretest' ]
2 info using npm@3.10.10
3 info using node@v6.11.4
4 verbose run-script [ 'pretest' ]
5 info lifecycle softcw@1.0.0~pretest: softcw@1.0.0
6 verbose lifecycle softcw@1.0.0~pretest: unsafe-perm in lifecycle true
7 verbose lifecycle softcw@1.0.0~pretest: PATH: E:\Programs\Node\node_modules\npm\bin\node-gyp-bin;C:\Users\Matt\Source\Repos\Soft351CW4\node_modules\.bin;C:\ProgramData\Oracle\Java\javapath;C:\WINDOWS\system32;C:\WINDOWS;C:\WINDOWS\System32\Wbem;C:\WINDOWS\System32\WindowsPowerShell\v1.0\;C:\Program Files\Microsoft SQL Server\130\Tools\Binn\;C:\Program Files (x86)\GtkSharp\2.12\bin;E:\Programs\Git\cmd;C:\Program Files\dotnet\;C:\Program Files (x86)\Windows Kits\10\Windows Performance Toolkit\;E:\Programs\Node\;C:\Program Files (x86)\Gpg4win\..\GnuPG\bin;C:\webdriver;E:\Programs\Putty\;C:\Users\Matt\AppData\Local\Microsoft\WindowsApps;C:\Users\Matt\AppData\Local\atom\bin;C:\Users\Matt\AppData\Local\Microsoft\WindowsApps;C:\Users\Matt\AppData\Roaming\npm;";E:\Programs\Node";C:\Program Files\Microsoft VS Code\bin;"C:\Users\Matt\Documents\ChromeDriver;";
8 verbose lifecycle softcw@1.0.0~pretest: CWD: C:\Users\Matt\Source\Repos\Soft351CW4
9 silly lifecycle softcw@1.0.0~pretest: Args: [ '/d /s /c', 'eslint --ignore-path .gitignore .' ]
10 silly lifecycle softcw@1.0.0~pretest: Returned: code: 1  signal: null
11 info lifecycle softcw@1.0.0~pretest: Failed to exec pretest script
12 verbose stack Error: softcw@1.0.0 pretest: `eslint --ignore-path .gitignore .`
12 verbose stack Exit status 1
12 verbose stack     at EventEmitter.<anonymous> (E:\Programs\Node\node_modules\npm\lib\utils\lifecycle.js:255:16)
12 verbose stack     at emitTwo (events.js:106:13)
12 verbose stack     at EventEmitter.emit (events.js:191:7)
12 verbose stack     at ChildProcess.<anonymous> (E:\Programs\Node\node_modules\npm\lib\utils\spawn.js:40:14)
12 verbose stack     at emitTwo (events.js:106:13)
12 verbose stack     at ChildProcess.emit (events.js:191:7)
12 verbose stack     at maybeClose (internal/child_process.js:920:16)
12 verbose stack     at Process.ChildProcess._handle.onexit (internal/child_process.js:230:5)
13 verbose pkgid softcw@1.0.0
14 verbose cwd C:\Users\Matt\Source\Repos\Soft351CW4
15 error Windows_NT 10.0.15063
16 error argv "E:\\Programs\\Node\\node.exe" "E:\\Programs\\Node\\node_modules\\npm\\bin\\npm-cli.js" "run" "pretest"
17 error node v6.11.4
18 error npm  v3.10.10
19 error code ELIFECYCLE
20 error softcw@1.0.0 pretest: `eslint --ignore-path .gitignore .`
20 error Exit status 1
21 error Failed at the softcw@1.0.0 pretest script 'eslint --ignore-path .gitignore .'.
21 error Make sure you have the latest version of node.js and npm installed.
21 error If you do, this is most likely a problem with the softcw package,
21 error not with npm itself.
21 error Tell the author that this fails on your system:
21 error     eslint --ignore-path .gitignore .
21 error You can get information on how to open an issue for this project with:
21 error     npm bugs softcw
21 error Or if that isn't available, you can get their info via:
21 error     npm owner ls softcw
21 error There is likely additional logging output above.
22 verbose exit [ 1, true ]
